<html>
<head>
<title>TestNG:  DataExchangeAdmin</title>
<link href="../testng.css" rel="stylesheet" type="text/css" />
<link href="../my-testng.css" rel="stylesheet" type="text/css" />

<style type="text/css">
.log { display: none;} 
.stack-trace { display: none;} 
</style>
<script type="text/javascript">
<!--
function flip(e) {
  current = e.style.display;
  if (current == 'block') {
    e.style.display = 'none';
    return 0;
  }
  else {
    e.style.display = 'block';
    return 1;
  }
}

function toggleBox(szDivId, elem, msg1, msg2)
{
  var res = -1;  if (document.getElementById) {
    res = flip(document.getElementById(szDivId));
  }
  else if (document.all) {
    // this is the way old msie versions work
    res = flip(document.all[szDivId]);
  }
  if(elem) {
    if(res == 0) elem.innerHTML = msg1; else elem.innerHTML = msg2;
  }

}

function toggleAllBoxes() {
  if (document.getElementsByTagName) {
    d = document.getElementsByTagName('div');
    for (i = 0; i < d.length; i++) {
      if (d[i].className == 'log') {
        flip(d[i]);
      }
    }
  }
}

// -->
</script>

</head>
<body>
<h2 align='center'>DataExchangeAdmin</h2><table border='1' align="center">
<tr>
<td>Tests passed/Failed/Skipped:</td><td>38/9/0</td>
</tr><tr>
<td>Started on:</td><td>Sun Apr 07 13:29:28 IST 2024</td>
</tr>
<tr><td>Total time:</td><td>314 seconds (314628 ms)</td>
</tr><tr>
<td>Included groups:</td><td></td>
</tr><tr>
<td>Excluded groups:</td><td></td>
</tr>
</table><p/>
<small><i>(Hover the method name to see the test class name)</i></small><p/>
<table width='100%' border='1' class='invocation-failed'>
<tr><td colspan='4' align='center'><b>FAILED TESTS</b></td></tr>
<tr><td><b>Test method</b></td>
<td width="30%"><b>Exception</b></td>
<td width="10%"><b>Time (seconds)</b></td>
<td><b>Instance</b></td>
</tr>
<tr>
<td title='com.qa.tests.DataExchangeAdmin.batch_downloadfile()'><b>batch_downloadfile</b><br>Test class: com.qa.tests.DataExchangeAdmin</td>
<td><div><pre>java.lang.AssertionError: status code is not 200 expected [200] but found [405]
	at com.qa.tests.DataExchangeAdmin.batch_downloadfile(DataExchangeAdmin.java:764)
	at java.base/java.util.ArrayList.forEach(ArrayList.java:1511)
... Removed 31 stack frames</pre></div><a href='#' onClick='toggleBox("stack-trace818859466", this, "Click to show all stack frames", "Click to hide stack frames")'>Click to show all stack frames</a>
<div class='stack-trace' id='stack-trace818859466'><pre>java.lang.AssertionError: status code is not 200 expected [200] but found [405]
	at org.testng.Assert.fail(Assert.java:97)
	at org.testng.Assert.assertEqualsImpl(Assert.java:136)
	at org.testng.Assert.assertEquals(Assert.java:118)
	at org.testng.Assert.assertEquals(Assert.java:839)
	at com.qa.tests.DataExchangeAdmin.batch_downloadfile(DataExchangeAdmin.java:764)
	at java.base/jdk.internal.reflect.NativeMethodAccessorImpl.invoke0(Native Method)
	at java.base/jdk.internal.reflect.NativeMethodAccessorImpl.invoke(NativeMethodAccessorImpl.java:77)
	at java.base/jdk.internal.reflect.DelegatingMethodAccessorImpl.invoke(DelegatingMethodAccessorImpl.java:43)
	at java.base/java.lang.reflect.Method.invoke(Method.java:568)
	at org.testng.internal.MethodInvocationHelper.invokeMethod(MethodInvocationHelper.java:134)
	at org.testng.internal.TestInvoker.invokeMethod(TestInvoker.java:597)
	at org.testng.internal.TestInvoker.invokeTestMethod(TestInvoker.java:173)
	at org.testng.internal.MethodRunner.runInSequence(MethodRunner.java:46)
	at org.testng.internal.TestInvoker$MethodInvocationAgent.invoke(TestInvoker.java:816)
	at org.testng.internal.TestInvoker.invokeTestMethods(TestInvoker.java:146)
	at org.testng.internal.TestMethodWorker.invokeTestMethods(TestMethodWorker.java:146)
	at org.testng.internal.TestMethodWorker.run(TestMethodWorker.java:128)
	at java.base/java.util.ArrayList.forEach(ArrayList.java:1511)
	at org.testng.TestRunner.privateRun(TestRunner.java:766)
	at org.testng.TestRunner.run(TestRunner.java:587)
	at org.testng.SuiteRunner.runTest(SuiteRunner.java:384)
	at org.testng.SuiteRunner.runSequentially(SuiteRunner.java:378)
	at org.testng.SuiteRunner.privateRun(SuiteRunner.java:337)
	at org.testng.SuiteRunner.run(SuiteRunner.java:286)
	at org.testng.SuiteRunnerWorker.runSuite(SuiteRunnerWorker.java:53)
	at org.testng.SuiteRunnerWorker.run(SuiteRunnerWorker.java:96)
	at org.testng.TestNG.runSuitesSequentially(TestNG.java:1187)
	at org.testng.TestNG.runSuitesLocally(TestNG.java:1109)
	at org.testng.TestNG.runSuites(TestNG.java:1039)
	at org.testng.TestNG.run(TestNG.java:1007)
	at org.testng.remote.AbstractRemoteTestNG.run(AbstractRemoteTestNG.java:115)
	at org.testng.remote.RemoteTestNG.initAndRun(RemoteTestNG.java:251)
	at org.testng.remote.RemoteTestNG.main(RemoteTestNG.java:77)
</pre></div></td>
<td>0</td>
<td>com.qa.tests.DataExchangeAdmin@4a7f959b</td></tr>
<tr>
<td title='com.qa.tests.DataExchangeAdmin.batch_fileupload()'><b>batch_fileupload</b><br>Test class: com.qa.tests.DataExchangeAdmin</td>
<td><div><pre>java.lang.AssertionError: status code is not 200 expected [200] but found [400]
	at com.qa.tests.DataExchangeAdmin.batch_fileupload(DataExchangeAdmin.java:641)
	at java.base/java.util.ArrayList.forEach(ArrayList.java:1511)
... Removed 31 stack frames</pre></div><a href='#' onClick='toggleBox("stack-trace310212872", this, "Click to show all stack frames", "Click to hide stack frames")'>Click to show all stack frames</a>
<div class='stack-trace' id='stack-trace310212872'><pre>java.lang.AssertionError: status code is not 200 expected [200] but found [400]
	at org.testng.Assert.fail(Assert.java:97)
	at org.testng.Assert.assertEqualsImpl(Assert.java:136)
	at org.testng.Assert.assertEquals(Assert.java:118)
	at org.testng.Assert.assertEquals(Assert.java:839)
	at com.qa.tests.DataExchangeAdmin.batch_fileupload(DataExchangeAdmin.java:641)
	at java.base/jdk.internal.reflect.NativeMethodAccessorImpl.invoke0(Native Method)
	at java.base/jdk.internal.reflect.NativeMethodAccessorImpl.invoke(NativeMethodAccessorImpl.java:77)
	at java.base/jdk.internal.reflect.DelegatingMethodAccessorImpl.invoke(DelegatingMethodAccessorImpl.java:43)
	at java.base/java.lang.reflect.Method.invoke(Method.java:568)
	at org.testng.internal.MethodInvocationHelper.invokeMethod(MethodInvocationHelper.java:134)
	at org.testng.internal.TestInvoker.invokeMethod(TestInvoker.java:597)
	at org.testng.internal.TestInvoker.invokeTestMethod(TestInvoker.java:173)
	at org.testng.internal.MethodRunner.runInSequence(MethodRunner.java:46)
	at org.testng.internal.TestInvoker$MethodInvocationAgent.invoke(TestInvoker.java:816)
	at org.testng.internal.TestInvoker.invokeTestMethods(TestInvoker.java:146)
	at org.testng.internal.TestMethodWorker.invokeTestMethods(TestMethodWorker.java:146)
	at org.testng.internal.TestMethodWorker.run(TestMethodWorker.java:128)
	at java.base/java.util.ArrayList.forEach(ArrayList.java:1511)
	at org.testng.TestRunner.privateRun(TestRunner.java:766)
	at org.testng.TestRunner.run(TestRunner.java:587)
	at org.testng.SuiteRunner.runTest(SuiteRunner.java:384)
	at org.testng.SuiteRunner.runSequentially(SuiteRunner.java:378)
	at org.testng.SuiteRunner.privateRun(SuiteRunner.java:337)
	at org.testng.SuiteRunner.run(SuiteRunner.java:286)
	at org.testng.SuiteRunnerWorker.runSuite(SuiteRunnerWorker.java:53)
	at org.testng.SuiteRunnerWorker.run(SuiteRunnerWorker.java:96)
	at org.testng.TestNG.runSuitesSequentially(TestNG.java:1187)
	at org.testng.TestNG.runSuitesLocally(TestNG.java:1109)
	at org.testng.TestNG.runSuites(TestNG.java:1039)
	at org.testng.TestNG.run(TestNG.java:1007)
	at org.testng.remote.AbstractRemoteTestNG.run(AbstractRemoteTestNG.java:115)
	at org.testng.remote.RemoteTestNG.initAndRun(RemoteTestNG.java:251)
	at org.testng.remote.RemoteTestNG.main(RemoteTestNG.java:77)
</pre></div></td>
<td>0</td>
<td>com.qa.tests.DataExchangeAdmin@4a7f959b</td></tr>
<tr>
<td title='com.qa.tests.DataExchangeAdmin.linkuser()'><b>linkuser</b><br>Test class: com.qa.tests.DataExchangeAdmin</td>
<td><div><pre>java.lang.AssertionError: status code is not 200 expected [200] but found [400]
	at com.qa.tests.DataExchangeAdmin.linkuser(DataExchangeAdmin.java:1326)
	at java.base/java.util.ArrayList.forEach(ArrayList.java:1511)
... Removed 31 stack frames</pre></div><a href='#' onClick='toggleBox("stack-trace1138356642", this, "Click to show all stack frames", "Click to hide stack frames")'>Click to show all stack frames</a>
<div class='stack-trace' id='stack-trace1138356642'><pre>java.lang.AssertionError: status code is not 200 expected [200] but found [400]
	at org.testng.Assert.fail(Assert.java:97)
	at org.testng.Assert.assertEqualsImpl(Assert.java:136)
	at org.testng.Assert.assertEquals(Assert.java:118)
	at org.testng.Assert.assertEquals(Assert.java:839)
	at com.qa.tests.DataExchangeAdmin.linkuser(DataExchangeAdmin.java:1326)
	at java.base/jdk.internal.reflect.NativeMethodAccessorImpl.invoke0(Native Method)
	at java.base/jdk.internal.reflect.NativeMethodAccessorImpl.invoke(NativeMethodAccessorImpl.java:77)
	at java.base/jdk.internal.reflect.DelegatingMethodAccessorImpl.invoke(DelegatingMethodAccessorImpl.java:43)
	at java.base/java.lang.reflect.Method.invoke(Method.java:568)
	at org.testng.internal.MethodInvocationHelper.invokeMethod(MethodInvocationHelper.java:134)
	at org.testng.internal.TestInvoker.invokeMethod(TestInvoker.java:597)
	at org.testng.internal.TestInvoker.invokeTestMethod(TestInvoker.java:173)
	at org.testng.internal.MethodRunner.runInSequence(MethodRunner.java:46)
	at org.testng.internal.TestInvoker$MethodInvocationAgent.invoke(TestInvoker.java:816)
	at org.testng.internal.TestInvoker.invokeTestMethods(TestInvoker.java:146)
	at org.testng.internal.TestMethodWorker.invokeTestMethods(TestMethodWorker.java:146)
	at org.testng.internal.TestMethodWorker.run(TestMethodWorker.java:128)
	at java.base/java.util.ArrayList.forEach(ArrayList.java:1511)
	at org.testng.TestRunner.privateRun(TestRunner.java:766)
	at org.testng.TestRunner.run(TestRunner.java:587)
	at org.testng.SuiteRunner.runTest(SuiteRunner.java:384)
	at org.testng.SuiteRunner.runSequentially(SuiteRunner.java:378)
	at org.testng.SuiteRunner.privateRun(SuiteRunner.java:337)
	at org.testng.SuiteRunner.run(SuiteRunner.java:286)
	at org.testng.SuiteRunnerWorker.runSuite(SuiteRunnerWorker.java:53)
	at org.testng.SuiteRunnerWorker.run(SuiteRunnerWorker.java:96)
	at org.testng.TestNG.runSuitesSequentially(TestNG.java:1187)
	at org.testng.TestNG.runSuitesLocally(TestNG.java:1109)
	at org.testng.TestNG.runSuites(TestNG.java:1039)
	at org.testng.TestNG.run(TestNG.java:1007)
	at org.testng.remote.AbstractRemoteTestNG.run(AbstractRemoteTestNG.java:115)
	at org.testng.remote.RemoteTestNG.initAndRun(RemoteTestNG.java:251)
	at org.testng.remote.RemoteTestNG.main(RemoteTestNG.java:77)
</pre></div></td>
<td>0</td>
<td>com.qa.tests.DataExchangeAdmin@4a7f959b</td></tr>
<tr>
<td title='com.qa.tests.DataExchangeAdmin.reports_activelogins()'><b>reports_activelogins</b><br>Test class: com.qa.tests.DataExchangeAdmin</td>
<td><div><pre>org.json.JSONException: JSONArray[0] not found.
	at org.json.JSONArray.get(JSONArray.java:264)
	at com.qa.util.TestUtil.getValueByjpath(TestUtil.java:16)
	at com.qa.tests.DataExchangeAdmin.reports_activelogins(DataExchangeAdmin.java:1057)
	at java.base/java.util.ArrayList.forEach(ArrayList.java:1511)
... Removed 27 stack frames</pre></div><a href='#' onClick='toggleBox("stack-trace1642577711", this, "Click to show all stack frames", "Click to hide stack frames")'>Click to show all stack frames</a>
<div class='stack-trace' id='stack-trace1642577711'><pre>org.json.JSONException: JSONArray[0] not found.
	at org.json.JSONArray.get(JSONArray.java:264)
	at com.qa.util.TestUtil.getValueByjpath(TestUtil.java:16)
	at com.qa.tests.DataExchangeAdmin.reports_activelogins(DataExchangeAdmin.java:1057)
	at java.base/jdk.internal.reflect.NativeMethodAccessorImpl.invoke0(Native Method)
	at java.base/jdk.internal.reflect.NativeMethodAccessorImpl.invoke(NativeMethodAccessorImpl.java:77)
	at java.base/jdk.internal.reflect.DelegatingMethodAccessorImpl.invoke(DelegatingMethodAccessorImpl.java:43)
	at java.base/java.lang.reflect.Method.invoke(Method.java:568)
	at org.testng.internal.MethodInvocationHelper.invokeMethod(MethodInvocationHelper.java:134)
	at org.testng.internal.TestInvoker.invokeMethod(TestInvoker.java:597)
	at org.testng.internal.TestInvoker.invokeTestMethod(TestInvoker.java:173)
	at org.testng.internal.MethodRunner.runInSequence(MethodRunner.java:46)
	at org.testng.internal.TestInvoker$MethodInvocationAgent.invoke(TestInvoker.java:816)
	at org.testng.internal.TestInvoker.invokeTestMethods(TestInvoker.java:146)
	at org.testng.internal.TestMethodWorker.invokeTestMethods(TestMethodWorker.java:146)
	at org.testng.internal.TestMethodWorker.run(TestMethodWorker.java:128)
	at java.base/java.util.ArrayList.forEach(ArrayList.java:1511)
	at org.testng.TestRunner.privateRun(TestRunner.java:766)
	at org.testng.TestRunner.run(TestRunner.java:587)
	at org.testng.SuiteRunner.runTest(SuiteRunner.java:384)
	at org.testng.SuiteRunner.runSequentially(SuiteRunner.java:378)
	at org.testng.SuiteRunner.privateRun(SuiteRunner.java:337)
	at org.testng.SuiteRunner.run(SuiteRunner.java:286)
	at org.testng.SuiteRunnerWorker.runSuite(SuiteRunnerWorker.java:53)
	at org.testng.SuiteRunnerWorker.run(SuiteRunnerWorker.java:96)
	at org.testng.TestNG.runSuitesSequentially(TestNG.java:1187)
	at org.testng.TestNG.runSuitesLocally(TestNG.java:1109)
	at org.testng.TestNG.runSuites(TestNG.java:1039)
	at org.testng.TestNG.run(TestNG.java:1007)
	at org.testng.remote.AbstractRemoteTestNG.run(AbstractRemoteTestNG.java:115)
	at org.testng.remote.RemoteTestNG.initAndRun(RemoteTestNG.java:251)
	at org.testng.remote.RemoteTestNG.main(RemoteTestNG.java:77)
</pre></div></td>
<td>17</td>
<td>com.qa.tests.DataExchangeAdmin@4a7f959b</td></tr>
<tr>
<td title='com.qa.tests.DataExchangeAdmin.save_workflowmthod()'><b>save_workflowmthod</b><br>Test class: com.qa.tests.DataExchangeAdmin</td>
<td><div><pre>java.lang.AssertionError: status code is not 200 expected [200] but found [405]
	at com.qa.tests.DataExchangeAdmin.save_workflowmthod(DataExchangeAdmin.java:1540)
	at java.base/java.util.ArrayList.forEach(ArrayList.java:1511)
... Removed 31 stack frames</pre></div><a href='#' onClick='toggleBox("stack-trace2068279617", this, "Click to show all stack frames", "Click to hide stack frames")'>Click to show all stack frames</a>
<div class='stack-trace' id='stack-trace2068279617'><pre>java.lang.AssertionError: status code is not 200 expected [200] but found [405]
	at org.testng.Assert.fail(Assert.java:97)
	at org.testng.Assert.assertEqualsImpl(Assert.java:136)
	at org.testng.Assert.assertEquals(Assert.java:118)
	at org.testng.Assert.assertEquals(Assert.java:839)
	at com.qa.tests.DataExchangeAdmin.save_workflowmthod(DataExchangeAdmin.java:1540)
	at java.base/jdk.internal.reflect.NativeMethodAccessorImpl.invoke0(Native Method)
	at java.base/jdk.internal.reflect.NativeMethodAccessorImpl.invoke(NativeMethodAccessorImpl.java:77)
	at java.base/jdk.internal.reflect.DelegatingMethodAccessorImpl.invoke(DelegatingMethodAccessorImpl.java:43)
	at java.base/java.lang.reflect.Method.invoke(Method.java:568)
	at org.testng.internal.MethodInvocationHelper.invokeMethod(MethodInvocationHelper.java:134)
	at org.testng.internal.TestInvoker.invokeMethod(TestInvoker.java:597)
	at org.testng.internal.TestInvoker.invokeTestMethod(TestInvoker.java:173)
	at org.testng.internal.MethodRunner.runInSequence(MethodRunner.java:46)
	at org.testng.internal.TestInvoker$MethodInvocationAgent.invoke(TestInvoker.java:816)
	at org.testng.internal.TestInvoker.invokeTestMethods(TestInvoker.java:146)
	at org.testng.internal.TestMethodWorker.invokeTestMethods(TestMethodWorker.java:146)
	at org.testng.internal.TestMethodWorker.run(TestMethodWorker.java:128)
	at java.base/java.util.ArrayList.forEach(ArrayList.java:1511)
	at org.testng.TestRunner.privateRun(TestRunner.java:766)
	at org.testng.TestRunner.run(TestRunner.java:587)
	at org.testng.SuiteRunner.runTest(SuiteRunner.java:384)
	at org.testng.SuiteRunner.runSequentially(SuiteRunner.java:378)
	at org.testng.SuiteRunner.privateRun(SuiteRunner.java:337)
	at org.testng.SuiteRunner.run(SuiteRunner.java:286)
	at org.testng.SuiteRunnerWorker.runSuite(SuiteRunnerWorker.java:53)
	at org.testng.SuiteRunnerWorker.run(SuiteRunnerWorker.java:96)
	at org.testng.TestNG.runSuitesSequentially(TestNG.java:1187)
	at org.testng.TestNG.runSuitesLocally(TestNG.java:1109)
	at org.testng.TestNG.runSuites(TestNG.java:1039)
	at org.testng.TestNG.run(TestNG.java:1007)
	at org.testng.remote.AbstractRemoteTestNG.run(AbstractRemoteTestNG.java:115)
	at org.testng.remote.RemoteTestNG.initAndRun(RemoteTestNG.java:251)
	at org.testng.remote.RemoteTestNG.main(RemoteTestNG.java:77)
</pre></div></td>
<td>0</td>
<td>com.qa.tests.DataExchangeAdmin@4a7f959b</td></tr>
<tr>
<td title='com.qa.tests.DataExchangeAdmin.savebatchdetail()'><b>savebatchdetail</b><br>Test class: com.qa.tests.DataExchangeAdmin</td>
<td><div><pre>java.lang.AssertionError: status code is not 200 expected [200] but found [405]
	at com.qa.tests.DataExchangeAdmin.savebatchdetail(DataExchangeAdmin.java:830)
	at java.base/java.util.ArrayList.forEach(ArrayList.java:1511)
... Removed 31 stack frames</pre></div><a href='#' onClick='toggleBox("stack-trace1006727288", this, "Click to show all stack frames", "Click to hide stack frames")'>Click to show all stack frames</a>
<div class='stack-trace' id='stack-trace1006727288'><pre>java.lang.AssertionError: status code is not 200 expected [200] but found [405]
	at org.testng.Assert.fail(Assert.java:97)
	at org.testng.Assert.assertEqualsImpl(Assert.java:136)
	at org.testng.Assert.assertEquals(Assert.java:118)
	at org.testng.Assert.assertEquals(Assert.java:839)
	at com.qa.tests.DataExchangeAdmin.savebatchdetail(DataExchangeAdmin.java:830)
	at java.base/jdk.internal.reflect.NativeMethodAccessorImpl.invoke0(Native Method)
	at java.base/jdk.internal.reflect.NativeMethodAccessorImpl.invoke(NativeMethodAccessorImpl.java:77)
	at java.base/jdk.internal.reflect.DelegatingMethodAccessorImpl.invoke(DelegatingMethodAccessorImpl.java:43)
	at java.base/java.lang.reflect.Method.invoke(Method.java:568)
	at org.testng.internal.MethodInvocationHelper.invokeMethod(MethodInvocationHelper.java:134)
	at org.testng.internal.TestInvoker.invokeMethod(TestInvoker.java:597)
	at org.testng.internal.TestInvoker.invokeTestMethod(TestInvoker.java:173)
	at org.testng.internal.MethodRunner.runInSequence(MethodRunner.java:46)
	at org.testng.internal.TestInvoker$MethodInvocationAgent.invoke(TestInvoker.java:816)
	at org.testng.internal.TestInvoker.invokeTestMethods(TestInvoker.java:146)
	at org.testng.internal.TestMethodWorker.invokeTestMethods(TestMethodWorker.java:146)
	at org.testng.internal.TestMethodWorker.run(TestMethodWorker.java:128)
	at java.base/java.util.ArrayList.forEach(ArrayList.java:1511)
	at org.testng.TestRunner.privateRun(TestRunner.java:766)
	at org.testng.TestRunner.run(TestRunner.java:587)
	at org.testng.SuiteRunner.runTest(SuiteRunner.java:384)
	at org.testng.SuiteRunner.runSequentially(SuiteRunner.java:378)
	at org.testng.SuiteRunner.privateRun(SuiteRunner.java:337)
	at org.testng.SuiteRunner.run(SuiteRunner.java:286)
	at org.testng.SuiteRunnerWorker.runSuite(SuiteRunnerWorker.java:53)
	at org.testng.SuiteRunnerWorker.run(SuiteRunnerWorker.java:96)
	at org.testng.TestNG.runSuitesSequentially(TestNG.java:1187)
	at org.testng.TestNG.runSuitesLocally(TestNG.java:1109)
	at org.testng.TestNG.runSuites(TestNG.java:1039)
	at org.testng.TestNG.run(TestNG.java:1007)
	at org.testng.remote.AbstractRemoteTestNG.run(AbstractRemoteTestNG.java:115)
	at org.testng.remote.RemoteTestNG.initAndRun(RemoteTestNG.java:251)
	at org.testng.remote.RemoteTestNG.main(RemoteTestNG.java:77)
</pre></div></td>
<td>0</td>
<td>com.qa.tests.DataExchangeAdmin@4a7f959b</td></tr>
<tr>
<td title='com.qa.tests.DataExchangeAdmin.searchreason()'><b>searchreason</b><br>Test class: com.qa.tests.DataExchangeAdmin</td>
<td><div><pre>org.json.JSONException: JSONArray[0] not found.
	at org.json.JSONArray.get(JSONArray.java:264)
	at com.qa.util.TestUtil.getValueByjpath(TestUtil.java:16)
	at com.qa.tests.DataExchangeAdmin.searchreason(DataExchangeAdmin.java:1278)
	at java.base/java.util.ArrayList.forEach(ArrayList.java:1511)
... Removed 27 stack frames</pre></div><a href='#' onClick='toggleBox("stack-trace548093498", this, "Click to show all stack frames", "Click to hide stack frames")'>Click to show all stack frames</a>
<div class='stack-trace' id='stack-trace548093498'><pre>org.json.JSONException: JSONArray[0] not found.
	at org.json.JSONArray.get(JSONArray.java:264)
	at com.qa.util.TestUtil.getValueByjpath(TestUtil.java:16)
	at com.qa.tests.DataExchangeAdmin.searchreason(DataExchangeAdmin.java:1278)
	at java.base/jdk.internal.reflect.NativeMethodAccessorImpl.invoke0(Native Method)
	at java.base/jdk.internal.reflect.NativeMethodAccessorImpl.invoke(NativeMethodAccessorImpl.java:77)
	at java.base/jdk.internal.reflect.DelegatingMethodAccessorImpl.invoke(DelegatingMethodAccessorImpl.java:43)
	at java.base/java.lang.reflect.Method.invoke(Method.java:568)
	at org.testng.internal.MethodInvocationHelper.invokeMethod(MethodInvocationHelper.java:134)
	at org.testng.internal.TestInvoker.invokeMethod(TestInvoker.java:597)
	at org.testng.internal.TestInvoker.invokeTestMethod(TestInvoker.java:173)
	at org.testng.internal.MethodRunner.runInSequence(MethodRunner.java:46)
	at org.testng.internal.TestInvoker$MethodInvocationAgent.invoke(TestInvoker.java:816)
	at org.testng.internal.TestInvoker.invokeTestMethods(TestInvoker.java:146)
	at org.testng.internal.TestMethodWorker.invokeTestMethods(TestMethodWorker.java:146)
	at org.testng.internal.TestMethodWorker.run(TestMethodWorker.java:128)
	at java.base/java.util.ArrayList.forEach(ArrayList.java:1511)
	at org.testng.TestRunner.privateRun(TestRunner.java:766)
	at org.testng.TestRunner.run(TestRunner.java:587)
	at org.testng.SuiteRunner.runTest(SuiteRunner.java:384)
	at org.testng.SuiteRunner.runSequentially(SuiteRunner.java:378)
	at org.testng.SuiteRunner.privateRun(SuiteRunner.java:337)
	at org.testng.SuiteRunner.run(SuiteRunner.java:286)
	at org.testng.SuiteRunnerWorker.runSuite(SuiteRunnerWorker.java:53)
	at org.testng.SuiteRunnerWorker.run(SuiteRunnerWorker.java:96)
	at org.testng.TestNG.runSuitesSequentially(TestNG.java:1187)
	at org.testng.TestNG.runSuitesLocally(TestNG.java:1109)
	at org.testng.TestNG.runSuites(TestNG.java:1039)
	at org.testng.TestNG.run(TestNG.java:1007)
	at org.testng.remote.AbstractRemoteTestNG.run(AbstractRemoteTestNG.java:115)
	at org.testng.remote.RemoteTestNG.initAndRun(RemoteTestNG.java:251)
	at org.testng.remote.RemoteTestNG.main(RemoteTestNG.java:77)
</pre></div></td>
<td>3</td>
<td>com.qa.tests.DataExchangeAdmin@4a7f959b</td></tr>
<tr>
<td title='com.qa.tests.DataExchangeAdmin.searchreasondetail()'><b>searchreasondetail</b><br>Test class: com.qa.tests.DataExchangeAdmin</td>
<td><div><pre>org.json.JSONException: JSONArray[0] not found.
	at org.json.JSONArray.get(JSONArray.java:264)
	at com.qa.util.TestUtil.getValueByjpath(TestUtil.java:16)
	at com.qa.tests.DataExchangeAdmin.searchreasondetail(DataExchangeAdmin.java:1306)
	at java.base/java.util.ArrayList.forEach(ArrayList.java:1511)
... Removed 27 stack frames</pre></div><a href='#' onClick='toggleBox("stack-trace269257589", this, "Click to show all stack frames", "Click to hide stack frames")'>Click to show all stack frames</a>
<div class='stack-trace' id='stack-trace269257589'><pre>org.json.JSONException: JSONArray[0] not found.
	at org.json.JSONArray.get(JSONArray.java:264)
	at com.qa.util.TestUtil.getValueByjpath(TestUtil.java:16)
	at com.qa.tests.DataExchangeAdmin.searchreasondetail(DataExchangeAdmin.java:1306)
	at java.base/jdk.internal.reflect.NativeMethodAccessorImpl.invoke0(Native Method)
	at java.base/jdk.internal.reflect.NativeMethodAccessorImpl.invoke(NativeMethodAccessorImpl.java:77)
	at java.base/jdk.internal.reflect.DelegatingMethodAccessorImpl.invoke(DelegatingMethodAccessorImpl.java:43)
	at java.base/java.lang.reflect.Method.invoke(Method.java:568)
	at org.testng.internal.MethodInvocationHelper.invokeMethod(MethodInvocationHelper.java:134)
	at org.testng.internal.TestInvoker.invokeMethod(TestInvoker.java:597)
	at org.testng.internal.TestInvoker.invokeTestMethod(TestInvoker.java:173)
	at org.testng.internal.MethodRunner.runInSequence(MethodRunner.java:46)
	at org.testng.internal.TestInvoker$MethodInvocationAgent.invoke(TestInvoker.java:816)
	at org.testng.internal.TestInvoker.invokeTestMethods(TestInvoker.java:146)
	at org.testng.internal.TestMethodWorker.invokeTestMethods(TestMethodWorker.java:146)
	at org.testng.internal.TestMethodWorker.run(TestMethodWorker.java:128)
	at java.base/java.util.ArrayList.forEach(ArrayList.java:1511)
	at org.testng.TestRunner.privateRun(TestRunner.java:766)
	at org.testng.TestRunner.run(TestRunner.java:587)
	at org.testng.SuiteRunner.runTest(SuiteRunner.java:384)
	at org.testng.SuiteRunner.runSequentially(SuiteRunner.java:378)
	at org.testng.SuiteRunner.privateRun(SuiteRunner.java:337)
	at org.testng.SuiteRunner.run(SuiteRunner.java:286)
	at org.testng.SuiteRunnerWorker.runSuite(SuiteRunnerWorker.java:53)
	at org.testng.SuiteRunnerWorker.run(SuiteRunnerWorker.java:96)
	at org.testng.TestNG.runSuitesSequentially(TestNG.java:1187)
	at org.testng.TestNG.runSuitesLocally(TestNG.java:1109)
	at org.testng.TestNG.runSuites(TestNG.java:1039)
	at org.testng.TestNG.run(TestNG.java:1007)
	at org.testng.remote.AbstractRemoteTestNG.run(AbstractRemoteTestNG.java:115)
	at org.testng.remote.RemoteTestNG.initAndRun(RemoteTestNG.java:251)
	at org.testng.remote.RemoteTestNG.main(RemoteTestNG.java:77)
</pre></div></td>
<td>3</td>
<td>com.qa.tests.DataExchangeAdmin@4a7f959b</td></tr>
<tr>
<td title='com.qa.tests.DataExchangeAdmin.searchreasonsusers()'><b>searchreasonsusers</b><br>Test class: com.qa.tests.DataExchangeAdmin</td>
<td><div><pre>org.json.JSONException: JSONArray[0] not found.
	at org.json.JSONArray.get(JSONArray.java:264)
	at com.qa.util.TestUtil.getValueByjpath(TestUtil.java:16)
	at com.qa.tests.DataExchangeAdmin.searchreasonsusers(DataExchangeAdmin.java:1363)
	at java.base/java.util.ArrayList.forEach(ArrayList.java:1511)
... Removed 27 stack frames</pre></div><a href='#' onClick='toggleBox("stack-trace913148823", this, "Click to show all stack frames", "Click to hide stack frames")'>Click to show all stack frames</a>
<div class='stack-trace' id='stack-trace913148823'><pre>org.json.JSONException: JSONArray[0] not found.
	at org.json.JSONArray.get(JSONArray.java:264)
	at com.qa.util.TestUtil.getValueByjpath(TestUtil.java:16)
	at com.qa.tests.DataExchangeAdmin.searchreasonsusers(DataExchangeAdmin.java:1363)
	at java.base/jdk.internal.reflect.NativeMethodAccessorImpl.invoke0(Native Method)
	at java.base/jdk.internal.reflect.NativeMethodAccessorImpl.invoke(NativeMethodAccessorImpl.java:77)
	at java.base/jdk.internal.reflect.DelegatingMethodAccessorImpl.invoke(DelegatingMethodAccessorImpl.java:43)
	at java.base/java.lang.reflect.Method.invoke(Method.java:568)
	at org.testng.internal.MethodInvocationHelper.invokeMethod(MethodInvocationHelper.java:134)
	at org.testng.internal.TestInvoker.invokeMethod(TestInvoker.java:597)
	at org.testng.internal.TestInvoker.invokeTestMethod(TestInvoker.java:173)
	at org.testng.internal.MethodRunner.runInSequence(MethodRunner.java:46)
	at org.testng.internal.TestInvoker$MethodInvocationAgent.invoke(TestInvoker.java:816)
	at org.testng.internal.TestInvoker.invokeTestMethods(TestInvoker.java:146)
	at org.testng.internal.TestMethodWorker.invokeTestMethods(TestMethodWorker.java:146)
	at org.testng.internal.TestMethodWorker.run(TestMethodWorker.java:128)
	at java.base/java.util.ArrayList.forEach(ArrayList.java:1511)
	at org.testng.TestRunner.privateRun(TestRunner.java:766)
	at org.testng.TestRunner.run(TestRunner.java:587)
	at org.testng.SuiteRunner.runTest(SuiteRunner.java:384)
	at org.testng.SuiteRunner.runSequentially(SuiteRunner.java:378)
	at org.testng.SuiteRunner.privateRun(SuiteRunner.java:337)
	at org.testng.SuiteRunner.run(SuiteRunner.java:286)
	at org.testng.SuiteRunnerWorker.runSuite(SuiteRunnerWorker.java:53)
	at org.testng.SuiteRunnerWorker.run(SuiteRunnerWorker.java:96)
	at org.testng.TestNG.runSuitesSequentially(TestNG.java:1187)
	at org.testng.TestNG.runSuitesLocally(TestNG.java:1109)
	at org.testng.TestNG.runSuites(TestNG.java:1039)
	at org.testng.TestNG.run(TestNG.java:1007)
	at org.testng.remote.AbstractRemoteTestNG.run(AbstractRemoteTestNG.java:115)
	at org.testng.remote.RemoteTestNG.initAndRun(RemoteTestNG.java:251)
	at org.testng.remote.RemoteTestNG.main(RemoteTestNG.java:77)
</pre></div></td>
<td>3</td>
<td>com.qa.tests.DataExchangeAdmin@4a7f959b</td></tr>
</table><p>
<table width='100%' border='1' class='invocation-passed'>
<tr><td colspan='4' align='center'><b>PASSED TESTS</b></td></tr>
<tr><td><b>Test method</b></td>
<td width="30%"><b>Exception</b></td>
<td width="10%"><b>Time (seconds)</b></td>
<td><b>Instance</b></td>
</tr>
<tr>
<td title='com.qa.tests.DataExchangeAdmin.AdminDashboard()'><b>AdminDashboard</b><br>Test class: com.qa.tests.DataExchangeAdmin</td>
<td></td>
<td>3</td>
<td>com.qa.tests.DataExchangeAdmin@4a7f959b</td></tr>
<tr>
<td title='com.qa.tests.DataExchangeAdmin.Admin_APIConnectivity()'><b>Admin_APIConnectivity</b><br>Test class: com.qa.tests.DataExchangeAdmin</td>
<td></td>
<td>3</td>
<td>com.qa.tests.DataExchangeAdmin@4a7f959b</td></tr>
<tr>
<td title='com.qa.tests.DataExchangeAdmin.Admin_IsUserPresent()'><b>Admin_IsUserPresent</b><br>Test class: com.qa.tests.DataExchangeAdmin</td>
<td></td>
<td>1</td>
<td>com.qa.tests.DataExchangeAdmin@4a7f959b</td></tr>
<tr>
<td title='com.qa.tests.DataExchangeAdmin.Admin_SearchUsersByName()'><b>Admin_SearchUsersByName</b><br>Test class: com.qa.tests.DataExchangeAdmin</td>
<td></td>
<td>5</td>
<td>com.qa.tests.DataExchangeAdmin@4a7f959b</td></tr>
<tr>
<td title='com.qa.tests.DataExchangeAdmin.AgencyAll()'><b>AgencyAll</b><br>Test class: com.qa.tests.DataExchangeAdmin</td>
<td></td>
<td>0</td>
<td>com.qa.tests.DataExchangeAdmin@4a7f959b</td></tr>
<tr>
<td title='com.qa.tests.DataExchangeAdmin.AgencyDistribution()'><b>AgencyDistribution</b><br>Test class: com.qa.tests.DataExchangeAdmin</td>
<td></td>
<td>1</td>
<td>com.qa.tests.DataExchangeAdmin@4a7f959b</td></tr>
<tr>
<td title='com.qa.tests.DataExchangeAdmin.CreateSysyemUser()'><b>CreateSysyemUser</b><br>Test class: com.qa.tests.DataExchangeAdmin</td>
<td></td>
<td>2</td>
<td>com.qa.tests.DataExchangeAdmin@4a7f959b</td></tr>
<tr>
<td title='com.qa.tests.DataExchangeAdmin.Credentilas()'><b>Credentilas</b><br>Test class: com.qa.tests.DataExchangeAdmin</td>
<td></td>
<td>9</td>
<td>com.qa.tests.DataExchangeAdmin@4a7f959b</td></tr>
<tr>
<td title='com.qa.tests.DataExchangeAdmin.CustomAttributes()'><b>CustomAttributes</b><br>Test class: com.qa.tests.DataExchangeAdmin</td>
<td></td>
<td>106</td>
<td>com.qa.tests.DataExchangeAdmin@4a7f959b</td></tr>
<tr>
<td title='com.qa.tests.DataExchangeAdmin.EnableDisableSystemUser()'><b>EnableDisableSystemUser</b><br>Test class: com.qa.tests.DataExchangeAdmin</td>
<td></td>
<td>1</td>
<td>com.qa.tests.DataExchangeAdmin@4a7f959b</td></tr>
<tr>
<td title='com.qa.tests.DataExchangeAdmin.UpdateSystemUser()'><b>UpdateSystemUser</b><br>Test class: com.qa.tests.DataExchangeAdmin</td>
<td></td>
<td>0</td>
<td>com.qa.tests.DataExchangeAdmin@4a7f959b</td></tr>
<tr>
<td title='com.qa.tests.DataExchangeAdmin.alertmessage()'><b>alertmessage</b><br>Test class: com.qa.tests.DataExchangeAdmin</td>
<td></td>
<td>3</td>
<td>com.qa.tests.DataExchangeAdmin@4a7f959b</td></tr>
<tr>
<td title='com.qa.tests.DataExchangeAdmin.batch_statusupdate()'><b>batch_statusupdate</b><br>Test class: com.qa.tests.DataExchangeAdmin</td>
<td></td>
<td>0</td>
<td>com.qa.tests.DataExchangeAdmin@4a7f959b</td></tr>
<tr>
<td title='com.qa.tests.DataExchangeAdmin.batchdetail()'><b>batchdetail</b><br>Test class: com.qa.tests.DataExchangeAdmin</td>
<td></td>
<td>0</td>
<td>com.qa.tests.DataExchangeAdmin@4a7f959b</td></tr>
<tr>
<td title='com.qa.tests.DataExchangeAdmin.downloadbatchdetail()'><b>downloadbatchdetail</b><br>Test class: com.qa.tests.DataExchangeAdmin</td>
<td></td>
<td>4</td>
<td>com.qa.tests.DataExchangeAdmin@4a7f959b</td></tr>
<tr>
<td title='com.qa.tests.DataExchangeAdmin.downloadreport()'><b>downloadreport</b><br>Test class: com.qa.tests.DataExchangeAdmin</td>
<td></td>
<td>25</td>
<td>com.qa.tests.DataExchangeAdmin@4a7f959b</td></tr>
<tr>
<td title='com.qa.tests.DataExchangeAdmin.entitysearch()'><b>entitysearch</b><br>Test class: com.qa.tests.DataExchangeAdmin</td>
<td></td>
<td>3</td>
<td>com.qa.tests.DataExchangeAdmin@4a7f959b</td></tr>
<tr>
<td title='com.qa.tests.DataExchangeAdmin.historicalbatches()'><b>historicalbatches</b><br>Test class: com.qa.tests.DataExchangeAdmin</td>
<td></td>
<td>0</td>
<td>com.qa.tests.DataExchangeAdmin@4a7f959b</td></tr>
<tr>
<td title='com.qa.tests.DataExchangeAdmin.individualsearch()'><b>individualsearch</b><br>Test class: com.qa.tests.DataExchangeAdmin</td>
<td></td>
<td>3</td>
<td>com.qa.tests.DataExchangeAdmin@4a7f959b</td></tr>
<tr>
<td title='com.qa.tests.DataExchangeAdmin.monthlyentity()'><b>monthlyentity</b><br>Test class: com.qa.tests.DataExchangeAdmin</td>
<td></td>
<td>3</td>
<td>com.qa.tests.DataExchangeAdmin@4a7f959b</td></tr>
<tr>
<td title='com.qa.tests.DataExchangeAdmin.monthlyindividual()'><b>monthlyindividual</b><br>Test class: com.qa.tests.DataExchangeAdmin</td>
<td></td>
<td>3</td>
<td>com.qa.tests.DataExchangeAdmin@4a7f959b</td></tr>
<tr>
<td title='com.qa.tests.DataExchangeAdmin.reeference_template()'><b>reeference_template</b><br>Test class: com.qa.tests.DataExchangeAdmin</td>
<td></td>
<td>0</td>
<td>com.qa.tests.DataExchangeAdmin@4a7f959b</td></tr>
<tr>
<td title='com.qa.tests.DataExchangeAdmin.reference_agency()'><b>reference_agency</b><br>Test class: com.qa.tests.DataExchangeAdmin</td>
<td></td>
<td>0</td>
<td>com.qa.tests.DataExchangeAdmin@4a7f959b</td></tr>
<tr>
<td title='com.qa.tests.DataExchangeAdmin.reference_role()'><b>reference_role</b><br>Test class: com.qa.tests.DataExchangeAdmin</td>
<td></td>
<td>0</td>
<td>com.qa.tests.DataExchangeAdmin@4a7f959b</td></tr>
<tr>
<td title='com.qa.tests.DataExchangeAdmin.reference_userdisablereason()'><b>reference_userdisablereason</b><br>Test class: com.qa.tests.DataExchangeAdmin</td>
<td></td>
<td>0</td>
<td>com.qa.tests.DataExchangeAdmin@4a7f959b</td></tr>
<tr>
<td title='com.qa.tests.DataExchangeAdmin.reports_employeeworkinghours()'><b>reports_employeeworkinghours</b><br>Test class: com.qa.tests.DataExchangeAdmin</td>
<td></td>
<td>26</td>
<td>com.qa.tests.DataExchangeAdmin@4a7f959b</td></tr>
<tr>
<td title='com.qa.tests.DataExchangeAdmin.reports_entitydetails()'><b>reports_entitydetails</b><br>Test class: com.qa.tests.DataExchangeAdmin</td>
<td></td>
<td>3</td>
<td>com.qa.tests.DataExchangeAdmin@4a7f959b</td></tr>
<tr>
<td title='com.qa.tests.DataExchangeAdmin.reports_failedlogins()'><b>reports_failedlogins</b><br>Test class: com.qa.tests.DataExchangeAdmin</td>
<td></td>
<td>19</td>
<td>com.qa.tests.DataExchangeAdmin@4a7f959b</td></tr>
<tr>
<td title='com.qa.tests.DataExchangeAdmin.reports_landing()'><b>reports_landing</b><br>Test class: com.qa.tests.DataExchangeAdmin</td>
<td></td>
<td>0</td>
<td>com.qa.tests.DataExchangeAdmin@4a7f959b</td></tr>
<tr>
<td title='com.qa.tests.DataExchangeAdmin.reports_loginhistory()'><b>reports_loginhistory</b><br>Test class: com.qa.tests.DataExchangeAdmin</td>
<td></td>
<td>19</td>
<td>com.qa.tests.DataExchangeAdmin@4a7f959b</td></tr>
<tr>
<td title='com.qa.tests.DataExchangeAdmin.reports_multiauthorization()'><b>reports_multiauthorization</b><br>Test class: com.qa.tests.DataExchangeAdmin</td>
<td></td>
<td>4</td>
<td>com.qa.tests.DataExchangeAdmin@4a7f959b</td></tr>
<tr>
<td title='com.qa.tests.DataExchangeAdmin.reports_newaccounts()'><b>reports_newaccounts</b><br>Test class: com.qa.tests.DataExchangeAdmin</td>
<td></td>
<td>2</td>
<td>com.qa.tests.DataExchangeAdmin@4a7f959b</td></tr>
<tr>
<td title='com.qa.tests.DataExchangeAdmin.reports_queryhistory()'><b>reports_queryhistory</b><br>Test class: com.qa.tests.DataExchangeAdmin</td>
<td></td>
<td>4</td>
<td>com.qa.tests.DataExchangeAdmin@4a7f959b</td></tr>
<tr>
<td title='com.qa.tests.DataExchangeAdmin.reports_queryhistoryfiltered()'><b>reports_queryhistoryfiltered</b><br>Test class: com.qa.tests.DataExchangeAdmin</td>
<td></td>
<td>4</td>
<td>com.qa.tests.DataExchangeAdmin@4a7f959b</td></tr>
<tr>
<td title='com.qa.tests.DataExchangeAdmin.reports_seaechesperformedbyuser()'><b>reports_seaechesperformedbyuser</b><br>Test class: com.qa.tests.DataExchangeAdmin</td>
<td></td>
<td>3</td>
<td>com.qa.tests.DataExchangeAdmin@4a7f959b</td></tr>
<tr>
<td title='com.qa.tests.DataExchangeAdmin.workflow_client()'><b>workflow_client</b><br>Test class: com.qa.tests.DataExchangeAdmin</td>
<td></td>
<td>0</td>
<td>com.qa.tests.DataExchangeAdmin@4a7f959b</td></tr>
<tr>
<td title='com.qa.tests.DataExchangeAdmin.workflow_method()'><b>workflow_method</b><br>Test class: com.qa.tests.DataExchangeAdmin</td>
<td></td>
<td>3</td>
<td>com.qa.tests.DataExchangeAdmin@4a7f959b</td></tr>
<tr>
<td title='com.qa.tests.DataExchangeAdmin.workflows()'><b>workflows</b><br>Test class: com.qa.tests.DataExchangeAdmin</td>
<td></td>
<td>3</td>
<td>com.qa.tests.DataExchangeAdmin@4a7f959b</td></tr>
</table><p>
</body>
</html>